2023-10-16 01:02:44,671 INFO :: This message shows basic info
2023-10-16 01:02:44,671 WARNING :: warning
2023-10-16 01:02:44,671 ERROR :: Error message
2023-10-16 01:05:21,301 INFO :: This message shows basic info
2023-10-16 01:05:21,301 WARNING :: warning
2023-10-16 01:05:21,301 ERROR :: Error message
2023-10-16 01:05:21,301 INFO :: Hello from the Binance connector
2023-10-26 00:59:58,833 INFO :: Binance Futures Client successfully initialized
2023-10-26 01:00:18,024 INFO :: Binance Futures Client successfully initialized
2023-10-26 01:00:21,835 INFO :: Binance Futures Client successfully initialized
2023-10-26 01:00:35,559 INFO :: Binance Futures Client successfully initialized
2023-10-26 01:02:54,602 INFO :: Binance Futures Client successfully initialized
2023-10-26 01:07:09,080 INFO :: Binance Futures Client successfully initialized
2023-10-26 01:07:20,045 INFO :: Binance Futures Client successfully initialized
2023-10-30 01:21:56,104 INFO :: Binance Futures Client successfully initialized
2023-10-30 01:22:25,869 INFO :: Binance Futures Client successfully initialized
2023-10-30 01:23:38,125 INFO :: Binance Futures Client successfully initialized
2023-10-30 23:47:42,946 INFO :: Binance Futures Client successfully initialized
2023-10-30 23:48:23,543 INFO :: Binance Futures Client successfully initialized
2023-10-30 23:52:07,204 INFO :: Binance Futures Client successfully initialized
2023-10-30 23:52:07,818 ERROR :: Error while making request GET request to /fapi/v1/account: {'code': -5000, 'msg': 'GET /fapi/v1/account is retired, please use GET /fapi/v2/account'} (error code 400)
2023-10-30 23:53:55,318 INFO :: Binance Futures Client successfully initialized
2023-10-31 01:25:32,574 INFO :: Binance Futures Client successfully initialized
2023-10-31 01:26:17,548 INFO :: Binance Futures Client successfully initialized
2023-10-31 01:26:18,184 ERROR :: Error while making request POST request to /fapi/v1/order: {'code': -1102, 'msg': "Mandatory parameter 'type' was not sent, was empty/null, or malformed."} (error code 400)
2023-10-31 01:27:04,672 INFO :: Binance Futures Client successfully initialized
2023-10-31 01:27:43,221 INFO :: Binance Futures Client successfully initialized
2023-10-31 01:28:30,937 INFO :: Binance Futures Client successfully initialized
2023-10-31 01:29:11,843 INFO :: Binance Futures Client successfully initialized
2023-10-31 01:29:42,267 INFO :: Binance Futures Client successfully initialized
2023-11-01 23:34:23,560 INFO :: Binance Futures Client successfully initialized
2023-11-01 23:35:25,551 ERROR :: error from callback <bound method BinanceFuturesClient.on_open of <connectors.binance_futures.BinanceFuturesClient object at 0x000001BBB6C04250>>: on_open() takes 1 positional argument but 2 were given
2023-11-01 23:35:57,690 INFO :: Binance connection opened
2023-11-01 23:51:12,731 INFO :: Binance websocket connection opened
2023-11-01 23:51:51,224 INFO :: Binance websocket connection opened
2023-11-01 23:53:06,756 ERROR :: Binance connection error: Connection is already closed.
2023-11-01 23:53:06,757 WARNING :: Binance connection closed
2023-11-01 23:53:06,758 INFO :: Binance Futures Client successfully initialized
2023-11-01 23:54:35,466 INFO :: Binance websocket connection opened
2023-11-02 01:52:02,081 INFO :: Binance websocket connection opened
2023-11-02 01:53:49,745 INFO :: Binance websocket connection opened
2023-11-05 22:00:26,769 INFO :: Binance websocket connection opened
2023-11-05 22:01:27,171 ERROR :: Binance connection error: Connection is already closed.
2023-11-05 22:01:27,171 WARNING :: Binance connection closed
2023-11-05 22:01:27,172 INFO :: Binance Futures Client successfully initialized
2023-11-05 22:03:06,257 INFO :: Binance websocket connection opened
2023-11-05 22:15:33,129 INFO :: Binance websocket connection opened
2023-11-05 22:16:02,541 INFO :: Binance websocket connection opened
2023-11-14 01:30:33,541 INFO :: Binance websocket connection opened
2023-11-21 01:27:28,081 INFO :: Binance websocket connection opened
2023-11-21 01:27:42,187 ERROR :: Binance connection error: [WinError 10054] An existing connection was forcibly closed by the remote host
2023-11-21 01:27:42,188 WARNING :: Binance connection closed
2023-11-21 01:27:45,239 INFO :: Binance websocket connection opened
2023-11-21 16:27:17,603 ERROR :: Binance connection error: [WinError 10054] An existing connection was forcibly closed by the remote host
2023-11-21 16:27:17,603 WARNING :: Binance connection closed
2023-11-21 16:27:20,728 INFO :: Binance websocket connection opened
2023-11-21 23:04:27,905 INFO :: Binance websocket connection opened
2023-11-21 23:05:04,873 ERROR :: Error while making request GET request to /api/v1/instrument: {'error': {'message': 'Invalid API Key.', 'name': 'HTTPError'}} (error code 401)
2023-11-21 23:05:52,906 ERROR :: Error while making request GET request to /api/v1/instrument: {'error': {'message': 'Invalid API Key.', 'name': 'HTTPError'}} (error code 401)
2023-11-21 23:05:52,907 INFO :: Binance Futures Client successfully initialized
2023-11-21 23:05:53,314 ERROR :: Error while making request GET request to /api/v1/instrument: {'error': {'message': 'Invalid API Key.', 'name': 'HTTPError'}} (error code 401)
2023-11-21 23:06:37,060 ERROR :: Error while making request GET request to /api/v1/instrument: {'error': {'message': 'Invalid API Key.', 'name': 'HTTPError'}} (error code 401)
2023-11-21 23:06:37,061 INFO :: Binance Futures Client successfully initialized
2023-11-21 23:06:37,561 ERROR :: Error while making request GET request to /api/v1/instrument: {'error': {'message': 'Invalid API Key.', 'name': 'HTTPError'}} (error code 401)
2023-11-21 23:08:58,670 ERROR :: Error while making request GET request to /api/v1/instrument: {'error': {'message': 'Invalid API Key.', 'name': 'HTTPError'}} (error code 401)
2023-11-21 23:08:58,671 INFO :: Binance Futures Client successfully initialized
2023-11-21 23:08:59,024 ERROR :: Error while making request GET request to /api/v1/instrument: {'error': {'message': 'Invalid API Key.', 'name': 'HTTPError'}} (error code 401)
2023-11-21 23:15:55,194 ERROR :: Error while making request GET request to /api/v1/instrument: {'error': {'message': 'Invalid API Key.', 'name': 'HTTPError'}} (error code 401)
2023-11-21 23:15:55,196 INFO :: Binance Futures Client successfully initialized
2023-11-21 23:15:55,553 ERROR :: Error while making request GET request to /api/v1/instrument: {'error': {'message': 'Invalid API Key.', 'name': 'HTTPError'}} (error code 401)
2023-11-21 23:16:24,213 ERROR :: Error while making request GET request to /api/v1/instrument: {'error': {'message': 'Signature not valid.', 'name': 'HTTPError'}} (error code 401)
2023-11-21 23:16:24,214 INFO :: Binance Futures Client successfully initialized
2023-11-21 23:16:24,558 ERROR :: Error while making request GET request to /api/v1/instrument: {'error': {'message': 'Signature not valid.', 'name': 'HTTPError'}} (error code 401)
2023-11-21 23:21:08,358 ERROR :: Error while making request GET request to /api/v1/instrument: {'error': {'message': 'Signature not valid.', 'name': 'HTTPError'}} (error code 401)
2023-11-21 23:21:08,359 INFO :: Binance Futures Client successfully initialized
2023-11-21 23:21:08,722 ERROR :: Error while making request GET request to /api/v1/instrument: {'error': {'message': 'Signature not valid.', 'name': 'HTTPError'}} (error code 401)
2023-11-21 23:24:52,310 INFO :: Binance Futures Client successfully initialized
2023-11-21 23:52:33,096 INFO :: Binance Futures Client successfully initialized
2023-11-21 23:53:56,669 INFO :: Binance Futures Client successfully initialized
2023-11-21 23:56:50,516 INFO :: Binance Futures Client successfully initialized
2023-11-21 23:57:59,452 INFO :: Binance Futures Client successfully initialized
2023-11-21 23:58:30,751 INFO :: Binance Futures Client successfully initialized
2023-11-21 23:58:46,213 INFO :: Binance Futures Client successfully initialized
2023-12-05 01:21:15,730 INFO :: Binance Futures Client successfully initialized
2023-12-05 01:21:48,395 INFO :: Binance Futures Client successfully initialized
2023-12-05 01:21:48,406 ERROR :: Connection error while making POST to api/v1/order: HTTPSConnectionPool(host='testnet.bitmex.comapi', port=443): Max retries exceeded with url: /v1/order?symbol=XBTU14&side=Buy&orderQty=50&ordType=Limit&price=50000&timeInForce=GoodTillCancel (Caused by NameResolutionError("<urllib3.connection.HTTPSConnection object at 0x000001F231AA81C0>: Failed to resolve 'testnet.bitmex.comapi' ([Errno 11001] getaddrinfo failed)"))
2023-12-05 01:24:13,622 INFO :: Binance Futures Client successfully initialized
2023-12-05 01:24:14,041 ERROR :: Error while making request POST request to /api/v1/order: {'error': {'message': 'Access Denied', 'name': 'HTTPError'}} (error code 403)
2023-12-05 01:27:50,903 ERROR :: Error while making request GET request to /api/v1/instrument: {'error': {'message': 'Invalid credentials', 'name': 'HTTPError'}} (error code 401)
2023-12-05 01:27:51,293 ERROR :: Error while making request GET request to /api/v1/user/margin: {'error': {'message': 'Invalid credentials', 'name': 'HTTPError'}} (error code 401)
2023-12-05 01:27:51,294 INFO :: Binance Futures Client successfully initialized
2023-12-05 01:28:38,327 INFO :: Binance Futures Client successfully initialized
2023-12-05 01:28:38,509 ERROR :: Error while making request POST request to /api/v1/order: {'error': {'message': 'Access Denied', 'name': 'HTTPError'}} (error code 403)
2023-12-05 01:29:43,625 INFO :: Binance Futures Client successfully initialized
2023-12-05 01:29:43,790 ERROR :: Error while making request POST request to /api/v1/order: {'error': {'message': 'Instrument expired', 'name': 'HTTPError'}} (error code 400)
2023-12-05 01:30:04,581 INFO :: Binance Futures Client successfully initialized
2023-12-05 01:30:04,743 ERROR :: Error while making request POST request to /api/v1/order: {'error': {'message': 'Instrument expired', 'name': 'HTTPError'}} (error code 400)
2023-12-05 01:32:08,462 INFO :: Binance Futures Client successfully initialized
2023-12-13 01:04:16,818 INFO :: Binance Futures Client successfully initialized
2023-12-13 01:18:53,187 INFO :: Binance Futures Client successfully initialized
2023-12-13 01:18:53,407 ERROR :: Error while making request POST request to /api/v1/order: {'error': {'message': 'Instrument expired', 'name': 'HTTPError'}} (error code 400)
2023-12-13 01:19:35,059 INFO :: Binance Futures Client successfully initialized
2023-12-13 01:19:35,232 ERROR :: Error while making request POST request to /api/v1/order: {'error': {'message': 'Instrument expired', 'name': 'HTTPError'}} (error code 400)
2023-12-13 01:22:28,443 INFO :: Binance Futures Client successfully initialized
2023-12-13 01:25:55,110 INFO :: Binance Futures Client successfully initialized
2023-12-13 01:26:11,194 INFO :: Binance Futures Client successfully initialized
2023-12-13 01:26:11,470 ERROR :: Error while making request POST request to /api/v1/order: {'error': {'message': 'Order quantity must be a multiple of lot size: 100', 'name': 'HTTPError'}} (error code 400)
2023-12-13 01:27:16,814 INFO :: Binance Futures Client successfully initialized
2023-12-13 01:28:26,957 INFO :: Binance Futures Client successfully initialized
2023-12-13 01:28:53,961 INFO :: Binance Futures Client successfully initialized
2023-12-13 01:30:32,483 INFO :: Binance Futures Client successfully initialized
2023-12-13 01:31:08,453 INFO :: Binance Futures Client successfully initialized
2023-12-13 01:31:58,763 INFO :: Binance Futures Client successfully initialized
2023-12-13 01:35:13,959 INFO :: Binance Futures Client successfully initialized
2023-12-13 01:35:45,750 INFO :: Binance Futures Client successfully initialized
2023-12-13 01:36:40,500 INFO :: Binance Futures Client successfully initialized
2023-12-13 01:36:59,864 INFO :: Binance Futures Client successfully initialized
2023-12-13 01:37:35,062 INFO :: Binance Futures Client successfully initialized
2023-12-13 01:39:00,625 INFO :: Binance Futures Client successfully initialized
